[20:09:29.941 Verbose] - BuildManager - C:\Program Files (x86)\Microsoft Visual Studio\2019\Enterprise\MSBuild\Microsoft\VisualStudio\v16.0\ReportingServices\Microsoft.ReportingServices.targets(24,2): error MSB4036: No se encuentra la tarea "RdlCompile". Compruebe lo siguiente: 1.) El nombre de la tarea del archivo del proyecto es el mismo que el nombre de la clase de tarea. 2.) La clase de tarea es "public" e implementa la interfaz Microsoft.Build.Framework.ITask. 3.) La tarea se declaró correctamente con <UsingTask> en el archivo del proyecto o en los archivos *.tasks ubicados en el directorio "C:\Program Files (x86)\Microsoft Visual Studio\2019\Enterprise\MSBuild\Current\Bin".
[20:09:29.945 Verbose] - BuildManager - Faltan algunas de las rutas de acceso de archivo definidas en csproj en la ruta de acceso de compilación de Live Unit Testing. Compruebe si estos archivos deben estar presentes en dicha ruta de acceso y, si es necesario, actualice la definición de csproj para que los busque en otro lugar.
[20:09:29.945 Verbose] - BuildManager - Elemento _OutputPathItem "D:\FIDELITAS\2020\Segundo Cuatrimestre\Analisis 2\Proyecto Analisis\Sistema de Reportes\ProyectoPurasol\.vs\ProyectoPurasol\v16\lut\0\b\ProyectoPurasol\bin\" evaluado mediante:
_OutputPathItem: '$(OutDir)' @ C:\Program Files (x86)\Microsoft Visual Studio\2019\Enterprise\MSBuild\Current\Bin\Microsoft.Common.CurrentVersion.targets:272
  OutDir: 'D:\FIDELITAS\2020\Segundo Cuatrimestre\Analisis 2\Proyecto Analisis\Sistema de Reportes\ProyectoPurasol\.vs\ProyectoPurasol\v16\lut\0\b\ProyectoPurasol\bin\' @ D:\FIDELITAS\2020\Segundo Cuatrimestre\Analisis 2\Proyecto Analisis\Sistema de Reportes\ProyectoPurasol\ProyectoPurasol\ProyectoPurasol.csproj:0
[20:09:29.945 Verbose] - BuildManager - Elemento AppConfigFileDestination "D:\FIDELITAS\2020\Segundo Cuatrimestre\Analisis 2\Proyecto Analisis\Sistema de Reportes\ProyectoPurasol\.vs\ProyectoPurasol\v16\lut\0\b\ProyectoPurasol\bin\ProyectoPurasol.dll.config" evaluado mediante:
AppConfigFileDestination: '$(OutDir)$(TargetFileName).config' @ C:\Program Files (x86)\Microsoft Visual Studio\2019\Enterprise\MSBuild\Current\Bin\Microsoft.Common.CurrentVersion.targets:303
  OutDir: 'D:\FIDELITAS\2020\Segundo Cuatrimestre\Analisis 2\Proyecto Analisis\Sistema de Reportes\ProyectoPurasol\.vs\ProyectoPurasol\v16\lut\0\b\ProyectoPurasol\bin\' @ D:\FIDELITAS\2020\Segundo Cuatrimestre\Analisis 2\Proyecto Analisis\Sistema de Reportes\ProyectoPurasol\ProyectoPurasol\ProyectoPurasol.csproj:0
  TargetFileName: '$(TargetName)$(TargetExt)' @ C:\Program Files (x86)\Microsoft Visual Studio\2019\Enterprise\MSBuild\Current\Bin\Microsoft.Common.CurrentVersion.targets:212
    TargetName: '$(AssemblyName)' @ C:\Program Files (x86)\Microsoft Visual Studio\2019\Enterprise\MSBuild\Current\Bin\Microsoft.Common.CurrentVersion.targets:204
      AssemblyName: 'ProyectoPurasol' @ D:\FIDELITAS\2020\Segundo Cuatrimestre\Analisis 2\Proyecto Analisis\Sistema de Reportes\ProyectoPurasol\ProyectoPurasol\ProyectoPurasol.csproj:16
    TargetExt: '.dll' @ C:\Program Files (x86)\Microsoft Visual Studio\2019\Enterprise\MSBuild\Current\Bin\Microsoft.Common.CurrentVersion.targets:183
[20:09:29.945 Verbose] - BuildManager - Elemento _DebugSymbolsOutputPath "D:\FIDELITAS\2020\Segundo Cuatrimestre\Analisis 2\Proyecto Analisis\Sistema de Reportes\ProyectoPurasol\.vs\ProyectoPurasol\v16\lut\0\b\ProyectoPurasol\bin\ProyectoPurasol.pdb" evaluado mediante:
_DebugSymbolsOutputPath: '@(_DebugSymbolsIntermediatePath->'$(OutDir)%(Filename)%(Extension)')' @ C:\Program Files (x86)\Microsoft Visual Studio\2019\Enterprise\MSBuild\Current\Bin\Microsoft.Common.CurrentVersion.targets:372
  OutDir: 'D:\FIDELITAS\2020\Segundo Cuatrimestre\Analisis 2\Proyecto Analisis\Sistema de Reportes\ProyectoPurasol\.vs\ProyectoPurasol\v16\lut\0\b\ProyectoPurasol\bin\' @ D:\FIDELITAS\2020\Segundo Cuatrimestre\Analisis 2\Proyecto Analisis\Sistema de Reportes\ProyectoPurasol\ProyectoPurasol\ProyectoPurasol.csproj:0
[20:09:29.945 Verbose] - BuildManager - Elemento _ApplicationManifestFinal "D:\FIDELITAS\2020\Segundo Cuatrimestre\Analisis 2\Proyecto Analisis\Sistema de Reportes\ProyectoPurasol\.vs\ProyectoPurasol\v16\lut\0\b\ProyectoPurasol\bin\Native.ProyectoPurasol.manifest" evaluado mediante:
_ApplicationManifestFinal: '$(OutDir)$(_DeploymentTargetApplicationManifestFileName)' @ C:\Program Files (x86)\Microsoft Visual Studio\2019\Enterprise\MSBuild\Current\Bin\Microsoft.Common.CurrentVersion.targets:410
  OutDir: 'D:\FIDELITAS\2020\Segundo Cuatrimestre\Analisis 2\Proyecto Analisis\Sistema de Reportes\ProyectoPurasol\.vs\ProyectoPurasol\v16\lut\0\b\ProyectoPurasol\bin\' @ D:\FIDELITAS\2020\Segundo Cuatrimestre\Analisis 2\Proyecto Analisis\Sistema de Reportes\ProyectoPurasol\ProyectoPurasol\ProyectoPurasol.csproj:0
  _DeploymentTargetApplicationManifestFileName: 'Native.$(AssemblyName).manifest' @ C:\Program Files (x86)\Microsoft Visual Studio\2019\Enterprise\MSBuild\Current\Bin\Microsoft.Common.CurrentVersion.targets:228
    AssemblyName: 'ProyectoPurasol' @ D:\FIDELITAS\2020\Segundo Cuatrimestre\Analisis 2\Proyecto Analisis\Sistema de Reportes\ProyectoPurasol\ProyectoPurasol\ProyectoPurasol.csproj:16
