[20:43:37.015 Verbose] - BuildManager - C:\Program Files (x86)\Microsoft Visual Studio\2019\Enterprise\MSBuild\Microsoft\VisualStudio\v16.0\ReportingServices\Microsoft.ReportingServices.targets(24,2): error MSB4062: La tarea "Microsoft.Reporting.RdlCompile" no se pudo cargar desde el ensamblado Microsoft.ReportViewer.WebForms, Version=15.0.0.0, Culture=neutral, PublicKeyToken=89845dcd8080cc91. No se puede cargar el archivo o ensamblado 'Microsoft.ReportViewer.WebForms, Version=15.0.0.0, Culture=neutral, PublicKeyToken=89845dcd8080cc91' ni una de sus dependencias. El sistema no puede encontrar el archivo especificado. Confirme que la declaración <UsingTask> sea correcta; que el ensamblado y todas sus dependencias estén disponibles; y que la tarea contenga una clase public que implemente Microsoft.Build.Framework.ITask.
[20:43:37.021 Verbose] - BuildManager - Faltan algunas de las rutas de acceso de archivo definidas en csproj en la ruta de acceso de compilación de Live Unit Testing. Compruebe si estos archivos deben estar presentes en dicha ruta de acceso y, si es necesario, actualice la definición de csproj para que los busque en otro lugar.
[20:43:37.021 Verbose] - BuildManager - Elemento _OutputPathItem "D:\FIDELITAS\2020\Segundo Cuatrimestre\Analisis 2\Proyecto Analisis\Sistema de Reportes\ProyectoPurasol\.vs\ProyectoPurasol\v16\lut\0\b\ProyectoPurasolTests\bin\Debug\" evaluado mediante:
_OutputPathItem: '$(OutDir)' @ C:\Program Files (x86)\Microsoft Visual Studio\2019\Enterprise\MSBuild\Current\Bin\Microsoft.Common.CurrentVersion.targets:272
  OutDir: 'D:\FIDELITAS\2020\Segundo Cuatrimestre\Analisis 2\Proyecto Analisis\Sistema de Reportes\ProyectoPurasol\.vs\ProyectoPurasol\v16\lut\0\b\ProyectoPurasolTests\bin\Debug\' @ D:\FIDELITAS\2020\Segundo Cuatrimestre\Analisis 2\Proyecto Analisis\Sistema de Reportes\ProyectoPurasol\ProyectoPurasolTests\ProyectoPurasolTests.csproj:0
[20:43:37.021 Verbose] - BuildManager - Elemento AppConfigFileDestination "D:\FIDELITAS\2020\Segundo Cuatrimestre\Analisis 2\Proyecto Analisis\Sistema de Reportes\ProyectoPurasol\.vs\ProyectoPurasol\v16\lut\0\b\ProyectoPurasolTests\bin\Debug\ProyectoPurasolTests.dll.config" evaluado mediante:
AppConfigFileDestination: '$(OutDir)$(TargetFileName).config' @ C:\Program Files (x86)\Microsoft Visual Studio\2019\Enterprise\MSBuild\Current\Bin\Microsoft.Common.CurrentVersion.targets:303
  OutDir: 'D:\FIDELITAS\2020\Segundo Cuatrimestre\Analisis 2\Proyecto Analisis\Sistema de Reportes\ProyectoPurasol\.vs\ProyectoPurasol\v16\lut\0\b\ProyectoPurasolTests\bin\Debug\' @ D:\FIDELITAS\2020\Segundo Cuatrimestre\Analisis 2\Proyecto Analisis\Sistema de Reportes\ProyectoPurasol\ProyectoPurasolTests\ProyectoPurasolTests.csproj:0
  TargetFileName: '$(TargetName)$(TargetExt)' @ C:\Program Files (x86)\Microsoft Visual Studio\2019\Enterprise\MSBuild\Current\Bin\Microsoft.Common.CurrentVersion.targets:212
    TargetName: '$(AssemblyName)' @ C:\Program Files (x86)\Microsoft Visual Studio\2019\Enterprise\MSBuild\Current\Bin\Microsoft.Common.CurrentVersion.targets:204
      AssemblyName: 'ProyectoPurasolTests' @ D:\FIDELITAS\2020\Segundo Cuatrimestre\Analisis 2\Proyecto Analisis\Sistema de Reportes\ProyectoPurasol\ProyectoPurasolTests\ProyectoPurasolTests.csproj:11
    TargetExt: '.dll' @ C:\Program Files (x86)\Microsoft Visual Studio\2019\Enterprise\MSBuild\Current\Bin\Microsoft.Common.CurrentVersion.targets:183
[20:43:37.021 Verbose] - BuildManager - Elemento _DebugSymbolsOutputPath "D:\FIDELITAS\2020\Segundo Cuatrimestre\Analisis 2\Proyecto Analisis\Sistema de Reportes\ProyectoPurasol\.vs\ProyectoPurasol\v16\lut\0\b\ProyectoPurasolTests\bin\Debug\ProyectoPurasolTests.pdb" evaluado mediante:
_DebugSymbolsOutputPath: '@(_DebugSymbolsIntermediatePath->'$(OutDir)%(Filename)%(Extension)')' @ C:\Program Files (x86)\Microsoft Visual Studio\2019\Enterprise\MSBuild\Current\Bin\Microsoft.Common.CurrentVersion.targets:372
  OutDir: 'D:\FIDELITAS\2020\Segundo Cuatrimestre\Analisis 2\Proyecto Analisis\Sistema de Reportes\ProyectoPurasol\.vs\ProyectoPurasol\v16\lut\0\b\ProyectoPurasolTests\bin\Debug\' @ D:\FIDELITAS\2020\Segundo Cuatrimestre\Analisis 2\Proyecto Analisis\Sistema de Reportes\ProyectoPurasol\ProyectoPurasolTests\ProyectoPurasolTests.csproj:0
[20:43:37.021 Verbose] - BuildManager - Elemento _ApplicationManifestFinal "D:\FIDELITAS\2020\Segundo Cuatrimestre\Analisis 2\Proyecto Analisis\Sistema de Reportes\ProyectoPurasol\.vs\ProyectoPurasol\v16\lut\0\b\ProyectoPurasolTests\bin\Debug\Native.ProyectoPurasolTests.manifest" evaluado mediante:
_ApplicationManifestFinal: '$(OutDir)$(_DeploymentTargetApplicationManifestFileName)' @ C:\Program Files (x86)\Microsoft Visual Studio\2019\Enterprise\MSBuild\Current\Bin\Microsoft.Common.CurrentVersion.targets:410
  OutDir: 'D:\FIDELITAS\2020\Segundo Cuatrimestre\Analisis 2\Proyecto Analisis\Sistema de Reportes\ProyectoPurasol\.vs\ProyectoPurasol\v16\lut\0\b\ProyectoPurasolTests\bin\Debug\' @ D:\FIDELITAS\2020\Segundo Cuatrimestre\Analisis 2\Proyecto Analisis\Sistema de Reportes\ProyectoPurasol\ProyectoPurasolTests\ProyectoPurasolTests.csproj:0
  _DeploymentTargetApplicationManifestFileName: 'Native.$(AssemblyName).manifest' @ C:\Program Files (x86)\Microsoft Visual Studio\2019\Enterprise\MSBuild\Current\Bin\Microsoft.Common.CurrentVersion.targets:228
    AssemblyName: 'ProyectoPurasolTests' @ D:\FIDELITAS\2020\Segundo Cuatrimestre\Analisis 2\Proyecto Analisis\Sistema de Reportes\ProyectoPurasol\ProyectoPurasolTests\ProyectoPurasolTests.csproj:11
